<?xml version="1.0" encoding="utf-8"?><testsuites name="pytest tests"><testsuite name="pytest" errors="0" failures="0" skipped="0" tests="9" time="0.720" timestamp="2026-04-27T11:07:23.505582+00:00" hostname="agent-env-1bbbe26d-7b73-48d5-9bb8-d5c6ed9663f1"><testcase classname="backend.tests.backend_test.TestRoot" name="test_root_ok" time="0.183" /><testcase classname="backend.tests.backend_test.TestStatus" name="test_create_and_list_status" time="0.126" /><testcase classname="backend.tests.backend_test.TestNoPayments" name="test_payments_endpoints_removed[/api/payments]" time="0.048" /><testcase classname="backend.tests.backend_test.TestNoPayments" name="test_payments_endpoints_removed[/api/payments/]" time="0.049" /><testcase classname="backend.tests.backend_test.TestNoPayments" name="test_payments_endpoints_removed[/api/payments/checkout]" time="0.047" /><testcase classname="backend.tests.backend_test.TestNoPayments" name="test_payments_endpoints_removed[/api/payments/checkout/session]" time="0.047" /><testcase classname="backend.tests.backend_test.TestNoPayments" name="test_payments_endpoints_removed[/api/payments/webhook]" time="0.045" /><testcase classname="backend.tests.backend_test.TestNoPayments" name="test_payments_endpoints_removed[/api/payments/status]" time="0.049" /><testcase classname="backend.tests.backend_test.TestNoPayments" name="test_payments_post_removed" time="0.046" /></testsuite></testsuites>